<?xml version="1.0" encoding="UTF-8"?>
<testng-results ignored="0" total="2" passed="2" failed="0" skipped="0">
  <reporter-output>
  </reporter-output>
  <suite started-at="2024-06-05T11:40:04 IST" name="Default suite" finished-at="2024-06-05T11:40:41 IST" duration-ms="37339">
    <groups>
    </groups>
    <test started-at="2024-06-05T11:40:04 IST" name="Default test" finished-at="2024-06-05T11:40:41 IST" duration-ms="37339">
      <class name="com.qa.gpp.tests.HomePageTest">
        <test-method is-config="true" signature="setup()[pri:0, instance:com.qa.gpp.tests.HomePageTest@506ae4d4]" started-at="2024-06-05T11:40:04 IST" name="setup" finished-at="2024-06-05T11:40:39 IST" duration-ms="35601" status="PASS">
          <reporter-output>
          </reporter-output>
        </test-method> <!-- setup -->
        <test-method signature="homePageTitle()[pri:0, instance:com.qa.gpp.tests.HomePageTest@506ae4d4]" started-at="2024-06-05T11:40:39 IST" name="homePageTitle" finished-at="2024-06-05T11:40:39 IST" duration-ms="28" status="PASS">
          <reporter-output>
          </reporter-output>
        </test-method> <!-- homePageTitle -->
        <test-method signature="logoExist()[pri:0, instance:com.qa.gpp.tests.HomePageTest@506ae4d4]" started-at="2024-06-05T11:40:39 IST" name="logoExist" finished-at="2024-06-05T11:40:40 IST" duration-ms="109" status="PASS">
          <reporter-output>
          </reporter-output>
        </test-method> <!-- logoExist -->
        <test-method is-config="true" signature="tearDown()[pri:0, instance:com.qa.gpp.tests.HomePageTest@506ae4d4]" started-at="2024-06-05T11:40:40 IST" name="tearDown" finished-at="2024-06-05T11:40:41 IST" duration-ms="1547" status="PASS">
          <reporter-output>
          </reporter-output>
        </test-method> <!-- tearDown -->
      </class> <!-- com.qa.gpp.tests.HomePageTest -->
    </test> <!-- Default test -->
  </suite> <!-- Default suite -->
</testng-results>
